#
# A fatal error has been detected by the Java Runtime Environment:
#
#  Internal Error (javaClasses.cpp:129), pid=4584, tid=5096
#  fatal error: Invalid layout of preloaded class
#
# JRE version: 7.0_17-b02
# Java VM: Java HotSpot(TM) Client VM (23.7-b01 mixed mode windows-x86 )
# Failed to write core dump. Minidumps are not enabled by default on client versions of Windows
#
# If you would like to submit a bug report, please visit:
#   http://bugreport.sun.com/bugreport/crash.jsp
#

---------------  T H R E A D  ---------------

Current thread (0x0035b400):  JavaThread "Unknown thread" [_thread_in_vm, id=5096, stack(0x012f0000,0x01340000)]

Stack: [0x012f0000,0x01340000],  sp=0x0133f418,  free space=317k
Native frames: (J=compiled Java code, j=interpreted, Vv=VM code, C=native code)
V  [jvm.dll+0x16f261]
V  [jvm.dll+0x1693d6]
V  [jvm.dll+0x2079f]
V  [jvm.dll+0x20826]
V  [jvm.dll+0x2e5bd]
V  [jvm.dll+0x2e869]
V  [jvm.dll+0x77ba1]
V  [jvm.dll+0x77f5b]
V  [jvm.dll+0x1290e1]
V  [jvm.dll+0x149b3a]
V  [jvm.dll+0xa98df]
C  [javaw.exe+0x13ca]
C  [javaw.exe+0x1e3c]
C  [javaw.exe+0xa5a1]
C  [javaw.exe+0xa62b]
C  [kernel32.dll+0x4ed6c]  BaseThreadInitThunk+0x12
C  [ntdll.dll+0x6377b]  RtlInitializeExceptionChain+0xef
C  [ntdll.dll+0x6374e]  RtlInitializeExceptionChain+0xc2


---------------  P R O C E S S  ---------------

Java Threads: ( => current thread )

Other Threads:

=>0x0035b400 (exited) JavaThread "Unknown thread" [_thread_in_vm, id=5096, stack(0x012f0000,0x01340000)]

VM state:not at safepoint (not fully initialized)

VM Mutex/Monitor currently owned by a thread: None

GC Heap History (0 events):
No events

Deoptimization events (0 events):
No events

Internal exceptions (0 events):
No events

Events (10 events):
Event: 0.108 loading class 0x017b66a0 done
Event: 0.108 loading class 0x017b5520 done
Event: 0.108 loading class 0x017b54f8
Event: 0.109 loading class 0x017f04b0
Event: 0.109 loading class 0x017f04b0 done
Event: 0.109 loading class 0x017f04e8
Event: 0.109 loading class 0x017f04e8 done
Event: 0.109 loading class 0x017e57b8
Event: 0.109 loading class 0x017e57b8 done
Event: 0.109 loading class 0x017b54f8 done


Dynamic libraries:
0x01280000 - 0x012af000 	C:\Program Files\Java\jre7\bin\javaw.exe
0x77c40000 - 0x77d7c000 	C:\Windows\SYSTEM32\ntdll.dll
0x775c0000 - 0x77694000 	C:\Windows\system32\kernel32.dll
0x75fa0000 - 0x75feb000 	C:\Windows\system32\KERNELBASE.dll
0x77280000 - 0x77320000 	C:\Windows\system32\ADVAPI32.dll
0x76120000 - 0x761cc000 	C:\Windows\system32\msvcrt.dll
0x77e50000 - 0x77e69000 	C:\Windows\SYSTEM32\sechost.dll
0x762a0000 - 0x76341000 	C:\Windows\system32\RPCRT4.dll
0x771b0000 - 0x77279000 	C:\Windows\system32\USER32.dll
0x760d0000 - 0x7611e000 	C:\Windows\system32\GDI32.dll
0x77de0000 - 0x77dea000 	C:\Windows\system32\LPK.dll
0x77380000 - 0x7741d000 	C:\Windows\system32\USP10.dll
0x74ca0000 - 0x74e3e000 	C:\Windows\WinSxS\x86_microsoft.windows.common-controls_6595b64144ccf1df_6.0.7601.17514_none_41e6975e2bd6f2b2\COMCTL32.dll
0x77df0000 - 0x77e47000 	C:\Windows\system32\SHLWAPI.dll
0x76530000 - 0x7654f000 	C:\Windows\system32\IMM32.DLL
0x761d0000 - 0x7629c000 	C:\Windows\system32\MSCTF.dll
0x58bd0000 - 0x58c8e000 	C:\Program Files\Java\jre7\bin\msvcr100.dll
0x5d330000 - 0x5d67c000 	C:\Program Files\Java\jre7\bin\client\jvm.dll
0x70160000 - 0x70167000 	C:\Windows\system32\WSOCK32.dll
0x77d90000 - 0x77dc5000 	C:\Windows\system32\WS2_32.dll
0x77dd0000 - 0x77dd6000 	C:\Windows\system32\NSI.dll
0x740d0000 - 0x74102000 	C:\Windows\system32\WINMM.dll
0x771a0000 - 0x771a5000 	C:\Windows\system32\PSAPI.DLL
0x6dff0000 - 0x6dffc000 	C:\Program Files\Java\jre7\bin\verify.dll
0x6dbd0000 - 0x6dbf0000 	C:\Program Files\Java\jre7\bin\java.dll
0x6db20000 - 0x6db33000 	C:\Program Files\Java\jre7\bin\zip.dll
0x66f10000 - 0x66ffb000 	C:\Windows\system32\dbghelp.dll

VM Arguments:
jvm_args: -Dfile.encoding=Cp1252 -Xbootclasspath:C:\Users\Anthony\Documents\adt-bundle-windows-x86-20130219\sdk\platforms\android-8\android.jar 
java_command: twitter4j.Version
Launcher Type: SUN_STANDARD

Environment Variables:
CLASSPATH=.;C:\Program Files\Java\jre6\lib\ext\QTJava.zip
PATH=C:/Program Files/Java/jre7/bin/client;C:/Program Files/Java/jre7/bin;C:/Program Files/Java/jre7/lib/i386;C:\Program Files\NVIDIA Corporation\PhysX\Common;C:\Windows\system32;C:\Windows;C:\Windows\System32\Wbem;C:\Windows\System32\WindowsPowerShell\v1.0\;C:\Program Files\Microsoft SQL Server\100\Tools\Binn\;C:\Program Files\Microsoft SQL Server\100\DTS\Binn\;C:\Program Files\MATLAB\R2011b\runtime\win32;C:\Program Files\MATLAB\R2011b\bin;C:\Program Files\QuickTime\QTSystem\;C:\Users\Anthony\Documents\adt-bundle-windows-x86-20130219\eclipse;
USERNAME=Anthony
OS=Windows_NT
PROCESSOR_IDENTIFIER=x86 Family 6 Model 15 Stepping 2, GenuineIntel



---------------  S Y S T E M  ---------------

OS: Windows 7 Build 7601 Service Pack 1

CPU:total 2 (2 cores per cpu, 1 threads per core) family 6 model 15 stepping 2, cmov, cx8, fxsr, mmx, sse, sse2, sse3, ssse3, tsc

Memory: 4k page, physical 2078280k(435888k free), swap 4537228k(752112k free)

vm_info: Java HotSpot(TM) Client VM (23.7-b01) for windows-x86 JRE (1.7.0_17-b02), built on Mar  1 2013 05:04:36 by "java_re" with unknown MS VC++:1600

time: Fri Mar 08 13:25:40 2013
elapsed time: 0 seconds

